<?xml version="1.0" encoding="UTF-8"?>
<!-- Generated by org.testng.reporters.JUnitReportReporter -->
<testsuite hostname="elihle" failures="0" tests="2" name="com.mystore.testcases.YourStoreHomePageLaunchTest" time="26.103" errors="0" timestamp="2025-07-14T13:47:26 SAST" skipped="0">
  <testcase classname="com.mystore.testcases.YourStoreHomePageLaunchTest" name="verifyHomePageCurrentURL" time="13.167"/>
  <system-out/>
  <testcase classname="com.mystore.testcases.YourStoreHomePageLaunchTest" name="verifyHomePageTitle" time="12.936"/>
  <system-out/>
</testsuite> <!-- com.mystore.testcases.YourStoreHomePageLaunchTest -->
