<?xml version="1.0" encoding="UTF-8"?>
<!-- Generated by org.testng.reporters.JUnitReportReporter -->
<testsuite hostname="elihle" failures="0" tests="4" name="com.mystore.testcases.YourStoreHomePageLaunchTest" time="67.311" errors="0" timestamp="2025-07-09T19:50:29 SAST" skipped="0">
  <testcase classname="com.mystore.testcases.YourStoreHomePageLaunchTest" name="verifyHomePageTitle" time="12.268"/>
  <system-out/>
  <testcase classname="com.mystore.testcases.YourStoreHomePageLaunchTest" name="verifyHomePageCurrentURL" time="14.331"/>
  <system-out/>
  <testcase classname="com.mystore.testcases.YourStoreHomePageLaunchTest" name="verifyHomePageTitle" time="20.462"/>
  <system-out/>
  <testcase classname="com.mystore.testcases.YourStoreHomePageLaunchTest" name="verifyHomePageCurrentURL" time="20.250"/>
  <system-out/>
</testsuite> <!-- com.mystore.testcases.YourStoreHomePageLaunchTest -->
