<?xml version="1.0" encoding="UTF-8"?>
<!-- Generated by org.testng.reporters.JUnitReportReporter -->
<testsuite hostname="elihle" failures="0" tests="2" name="com.mystore.testcases.YourStoreHomePageLaunchTest" time="55.080" errors="0" timestamp="2025-07-10T15:18:16 SAST" skipped="0">
  <testcase classname="com.mystore.testcases.YourStoreHomePageLaunchTest" name="verifyHomePageTitle" time="29.222"/>
  <system-out/>
  <testcase classname="com.mystore.testcases.YourStoreHomePageLaunchTest" name="verifyHomePageCurrentURL" time="25.858"/>
  <system-out/>
</testsuite> <!-- com.mystore.testcases.YourStoreHomePageLaunchTest -->
