<?xml version="1.0" encoding="UTF-8"?>
<!-- Generated by org.testng.reporters.JUnitReportReporter -->
<testsuite hostname="elihle" failures="0" tests="1" name="com.mystore.testcases.LoginTest" time="29.159" errors="0" timestamp="2025-07-10T17:33:15 SAST" skipped="0">
  <testcase classname="com.mystore.testcases.LoginTest" name="verifySuccessLogin" time="29.159"/>
  <system-out/>
</testsuite> <!-- com.mystore.testcases.LoginTest -->
