<?xml version="1.0" encoding="UTF-8"?>
<!-- Generated by org.testng.reporters.JUnitReportReporter -->
<testsuite hostname="elihle" failures="0" tests="1" name="com.mystore.testcases.AddToCartPriceTest" time="46.897" errors="0" timestamp="2025-07-11T14:47:10 SAST" skipped="0">
  <testcase classname="com.mystore.testcases.AddToCartPriceTest" name="verifyItemAddedToCart" time="46.897"/>
  <system-out/>
</testsuite> <!-- com.mystore.testcases.AddToCartPriceTest -->
