<?xml version="1.0" encoding="UTF-8"?>
<!-- Generated by org.testng.reporters.JUnitReportReporter -->
<testsuite hostname="elihle" failures="0" tests="1" name="com.mystore.testcases.RegisterAccountLandingPageTest" time="15.338" errors="0" timestamp="2025-07-17T05:54:19 SAST" skipped="0">
  <testcase classname="com.mystore.testcases.RegisterAccountLandingPageTest" name="registrationAccountTest" time="15.338"/>
  <system-out/>
</testsuite> <!-- com.mystore.testcases.RegisterAccountLandingPageTest -->
