<?xml version="1.0" encoding="UTF-8"?>
<!-- Generated by org.testng.reporters.JUnitReportReporter -->
<testsuite hostname="elihle" failures="0" tests="2" name="com.mystore.testcases.QafoxLaunchTest" time="32.260" errors="0" timestamp="2025-07-07T12:42:27 SAST" skipped="0">
  <testcase classname="com.mystore.testcases.QafoxLaunchTest" name="verifyHomePageTitle" time="14.280"/>
  <system-out/>
  <testcase classname="com.mystore.testcases.QafoxLaunchTest" name="verifyHomePageCurrentURL" time="17.980"/>
  <system-out/>
</testsuite> <!-- com.mystore.testcases.QafoxLaunchTest -->
