<?xml version="1.0" encoding="UTF-8"?>
<!-- Generated by org.testng.reporters.JUnitReportReporter -->
<testsuite hostname="elihle" failures="0" tests="1" name="com.mystore.testcases.AddToCartTest" time="40.097" errors="0" timestamp="2025-07-10T20:13:55 SAST" skipped="0">
  <testcase classname="com.mystore.testcases.AddToCartTest" name="verifyItemAddedToCart" time="40.097"/>
  <system-out/>
</testsuite> <!-- com.mystore.testcases.AddToCartTest -->
