<?xml version="1.0" encoding="UTF-8"?>
<!-- Generated by org.testng.reporters.JUnitReportReporter -->
<testsuite hostname="elihle" failures="0" tests="1" name="com.mystore.testcases.LaptopsAndNotebookTest" time="27.177" errors="0" timestamp="2025-07-17T13:05:51 SAST" skipped="0">
  <testcase classname="com.mystore.testcases.LaptopsAndNotebookTest" name="verifyLaptopsAndNotebookPageHeaderText" time="27.177"/>
  <system-out/>
</testsuite> <!-- com.mystore.testcases.LaptopsAndNotebookTest -->
