<?xml version="1.0" encoding="UTF-8"?>
<!-- Generated by org.testng.reporters.JUnitReportReporter -->
<testsuite hostname="elihle" failures="0" tests="1" name="com.mystore.testcases.RegisterAccountLandingPageTest" time="26.843" errors="0" timestamp="2025-07-24T12:56:32 SAST" skipped="0">
  <testcase classname="com.mystore.testcases.RegisterAccountLandingPageTest" name="registrationAccountTest" time="26.843"/>
  <system-out/>
</testsuite> <!-- com.mystore.testcases.RegisterAccountLandingPageTest -->
