<?xml version="1.0" encoding="UTF-8"?>
<!-- Generated by org.testng.reporters.JUnitReportReporter -->
<testsuite hostname="elihle" failures="0" tests="2" name="com.mystore.testcases.YourStoreHomePageLaunchTest" time="67.564" errors="0" timestamp="2025-07-17T13:05:51 SAST" skipped="0">
  <testcase classname="com.mystore.testcases.YourStoreHomePageLaunchTest" name="verifyHomePageTitle" time="36.260"/>
  <system-out/>
  <testcase classname="com.mystore.testcases.YourStoreHomePageLaunchTest" name="verifyHomePageCurrentURL" time="31.304"/>
  <system-out/>
</testsuite> <!-- com.mystore.testcases.YourStoreHomePageLaunchTest -->
