<?xml version="1.0" encoding="UTF-8"?>
<!-- Generated by org.testng.reporters.JUnitReportReporter -->
<testsuite hostname="elihle" failures="0" tests="2" name="com.mystore.testcases.EditAccountTest" time="14.148" errors="0" timestamp="2025-07-17T16:01:05 SAST" skipped="0">
  <testcase classname="com.mystore.testcases.EditAccountTest" name="verifyTitle" time="0.223"/>
  <system-out/>
  <testcase classname="com.mystore.testcases.EditAccountTest" name="verifyEditAccountSuccessMessageText" time="13.925"/>
  <system-out/>
</testsuite> <!-- com.mystore.testcases.EditAccountTest -->
