<?xml version="1.0" encoding="UTF-8"?>
<!-- Generated by org.testng.reporters.JUnitReportReporter -->
<testsuite hostname="elihle" failures="0" tests="1" name="com.mystore.testcases.RegisterAccountPageTest" time="71.397" errors="0" timestamp="2025-07-17T13:05:51 SAST" skipped="0">
  <testcase classname="com.mystore.testcases.RegisterAccountPageTest" name="verifyAccountRegisterTest" time="71.397"/>
  <system-out/>
</testsuite> <!-- com.mystore.testcases.RegisterAccountPageTest -->
