<?xml version="1.0" encoding="UTF-8"?>
<!-- Generated by org.testng.reporters.JUnitReportReporter -->
<testsuite hostname="elihle" failures="0" tests="1" name="com.mystore.testcases.LoginTest" time="90.570" errors="0" timestamp="2025-07-17T13:05:51 SAST" skipped="0">
  <testcase classname="com.mystore.testcases.LoginTest" name="verifySuccessLogin" time="90.570"/>
  <system-out/>
</testsuite> <!-- com.mystore.testcases.LoginTest -->
