<?xml version="1.0" encoding="UTF-8"?>
<!-- Generated by org.testng.reporters.JUnitReportReporter -->
<testsuite hostname="elihle" failures="0" tests="1" name="com.mystore.testcases.RegisterAccountPageTest" time="39.975" errors="0" timestamp="2025-07-10T18:18:16 SAST" skipped="0">
  <testcase classname="com.mystore.testcases.RegisterAccountPageTest" name="verifyAccountRegisterTest" time="39.975"/>
  <system-out/>
</testsuite> <!-- com.mystore.testcases.RegisterAccountPageTest -->
