<?xml version="1.0" encoding="UTF-8"?>
<!-- Generated by org.testng.reporters.JUnitReportReporter -->
<testsuite hostname="elihle" failures="0" tests="1" name="com.mystore.testcases.RegisterAccountLandingPageTest" time="15.711" errors="0" timestamp="2025-07-14T13:47:26 SAST" skipped="0">
  <testcase classname="com.mystore.testcases.RegisterAccountLandingPageTest" name="registrationAccountTest" time="15.711"/>
  <system-out/>
</testsuite> <!-- com.mystore.testcases.RegisterAccountLandingPageTest -->
